<?xml version="1.0" encoding="UTF-8"?>
<!-- Generated by org.testng.reporters.JUnitReportReporter -->
<testsuite hostname="DESKTOP-GLEE4PL" failures="0" tests="7" name="test.HomepageTest" time="256.000" errors="0" timestamp="2023-05-07T01:06:23 PDT" skipped="0">
  <testcase classname="test.HomepageTest" name="validateRedirectionOfcreateTaskTest" time="37.647"/>
  <system-out/>
  <testcase classname="test.HomepageTest" name="validateRedirectionOfcreateDealTest" time="38.791"/>
  <system-out/>
  <testcase classname="test.HomepageTest" name="validateHomePageLogoTest" time="31.599"/>
  <system-out/>
  <testcase classname="test.HomepageTest" name="validateRedirectionCreateContact" time="37.767"/>
  <system-out/>
  <testcase classname="test.HomepageTest" name="validateRedirectionOfcreateCompanyTest" time="44.038"/>
  <system-out/>
  <testcase classname="test.HomepageTest" name="validateLogoutTest" time="30.420"/>
  <system-out/>
  <testcase classname="test.HomepageTest" name="validateUserTest" time="35.738"/>
  <system-out/>
</testsuite> <!-- test.HomepageTest -->
