<?xml version="1.0" encoding="UTF-8"?>
<!-- Generated by org.testng.reporters.JUnitReportReporter -->
<testsuite hostname="DESKTOP-GLEE4PL" failures="0" tests="3" name="test.LoginPageTest" time="70.758" errors="0" timestamp="2023-05-06T03:52:11 PDT" skipped="0">
  <testcase classname="test.LoginPageTest" name="validateLogoTest" time="17.417"/>
  <system-out/>
  <testcase classname="test.LoginPageTest" name="validateLoginTest" time="31.588"/>
  <system-out/>
  <testcase classname="test.LoginPageTest" name="validateLinksText" time="21.753"/>
  <system-out/>
</testsuite> <!-- test.LoginPageTest -->
